[00:00:33] [Server thread/INFO] [Meson ASM]: Transforming ItemHandlerHelper
[00:00:33] [Server thread/INFO] [Meson ASM]: Applying Transformation to method (Names [insertItem, insertItem, ] Descriptor (Lnet/minecraftforge/items/IItemHandler;Lnet/minecraft/item/ItemStack;Z)Lnet/minecraft/item/ItemStack; / (Lnet/minecraftforge/items/IItemHandler;Laip;Z)Laip;)
[00:00:33] [Server thread/INFO] [Meson ASM]: Located method, patching...
[00:00:33] [Server thread/INFO] [Meson ASM]: Located target ALOAD 0
[00:00:33] [Server thread/INFO] [Meson ASM]: Patch result: true
[00:00:53] [Server thread/INFO] [net.minecraft.server.dedicated.DedicatedServer]: CAMIL31XD has made the advancement [Hot Stuff]
[00:20:55] [Server thread/INFO] [net.minecraft.server.dedicated.DedicatedServer]: [: Played sound 'minecraft:entity.arrow.hit' to CAMIL31XD]
[00:21:08] [Server thread/INFO] [net.minecraft.server.dedicated.DedicatedServer]: [: Played sound 'minecraft:entity.arrow.hit' to CAMIL31XD]
[00:21:13] [Server thread/INFO] [net.minecraft.server.dedicated.DedicatedServer]: [: Played sound 'minecraft:entity.arrow.hit' to CAMIL31XD]
[00:21:54] [Server thread/INFO] [net.minecraft.network.NetHandlerPlayServer]: CAMIL31XD lost connection: Disconnected
[00:21:54] [Server thread/INFO] [net.minecraft.server.dedicated.DedicatedServer]: CAMIL31XD left the game
[00:22:01] [Server thread/INFO] [net.minecraft.server.dedicated.DedicatedServer]: Stopping the server
[00:22:01] [Server thread/INFO] [net.minecraft.server.MinecraftServer]: Stopping server
[00:22:01] [Server thread/INFO] [net.minecraft.server.MinecraftServer]: Saving players
[00:22:01] [Server thread/INFO] [net.minecraft.server.MinecraftServer]: Saving worlds
[00:22:01] [Server thread/INFO] [net.minecraft.server.MinecraftServer]: Saving chunks for level 'world'/overworld
[00:22:02] [Server thread/INFO] [FML]: Unloading dimension 0
[00:22:02] [Server Shutdown Thread/INFO] [net.minecraft.server.MinecraftServer]: Stopping server
[00:22:02] [Server Shutdown Thread/INFO] [net.minecraft.server.MinecraftServer]: Saving players
[00:22:02] [Server Shutdown Thread/INFO] [net.minecraft.server.MinecraftServer]: Saving worlds
